<?xml version="1.0" encoding="utf-8"?><testsuites><testsuite name="pytest" errors="0" failures="0" skipped="0" tests="5" time="0.173" timestamp="2024-12-25T12:13:35.103751" hostname="VO-PC"><testcase classname="tests.critical_path_tests.TestCriticalPath" name="test_schedule_management" time="0.002" /><testcase classname="tests.critical_path_tests.TestCriticalPath" name="test_interaction_checking" time="0.001" /><testcase classname="tests.critical_path_tests.TestCriticalPath" name="test_error_prevention" time="0.001" /><testcase classname="tests.critical_path_tests.TestCriticalPath" name="test_data_security" time="0.001" /><testcase classname="tests.critical_path_tests.TestCriticalPath" name="test_system_health" time="0.001" /></testsuite></testsuites>